#
# There is insufficient memory for the Java Runtime Environment to continue.
# Native memory allocation (mmap) failed to map 65536 bytes for Failed to commit metaspace.
# Possible reasons:
#   The system is out of physical RAM or swap space
#   The process is running with CompressedOops enabled, and the Java Heap may be blocking the growth of the native heap
# Possible solutions:
#   Reduce memory load on the system
#   Increase physical memory or swap space
#   Check if swap backing store is full
#   Decrease Java heap size (-Xmx/-Xms)
#   Decrease number of Java threads
#   Decrease Java thread stack sizes (-Xss)
#   Set larger code cache with -XX:ReservedCodeCacheSize=
#   JVM is running with Unscaled Compressed Oops mode in which the Java heap is
#     placed in the first 4GB address space. The Java Heap base address is the
#     maximum limit for the native heap growth. Please use -XX:HeapBaseMinAddress
#     to set the Java Heap base and to place the Java Heap above 4GB virtual address.
# This output file may be truncated or incomplete.
#
#  Out of Memory Error (virtualSpaceNode.cpp:110), pid=25440, tid=2720
#
# JRE version: OpenJDK Runtime Environment Temurin-17.0.4.1+1 (17.0.4.1+1) (build 17.0.4.1+1)
# Java VM: OpenJDK 64-Bit Server VM Temurin-17.0.4.1+1 (17.0.4.1+1, mixed mode, tiered, compressed oops, compressed class ptrs, g1 gc, windows-amd64)
# No core dump will be written. Minidumps are not enabled by default on client versions of Windows
#

---------------  S U M M A R Y ------------

Command Line: -Dfile.encoding=UTF-8 --module-path=C:\Users\LeeBoHyun\InsuranceSystem\InsuranceTeamProject\bin -XX:+ShowCodeDetailsInExceptionMessages -Djdk.module.main=InsuranceTeamProject InsuranceTeamProject/UI.Main

Host: Intel(R) Core(TM) i5-10210U CPU @ 1.60GHz, 8 cores, 7G,  Windows 10 , 64 bit Build 19041 (10.0.19041.804)
Time: Mon May 22 14:12:57 2023  Windows 10 , 64 bit Build 19041 (10.0.19041.804) elapsed time: 1669.381958 seconds (0d 0h 27m 49s)

---------------  T H R E A D  ---------------

Current thread (0x000001bfcdcf9120):  JavaThread "main" [_thread_in_vm, id=2720, stack(0x0000001bdde00000,0x0000001bddf00000)]

Stack: [0x0000001bdde00000,0x0000001bddf00000]
Native frames: (J=compiled Java code, j=interpreted, Vv=VM code, C=native code)
V  [jvm.dll+0x67731a]
V  [jvm.dll+0x832284]
V  [jvm.dll+0x833a2e]
V  [jvm.dll+0x834093]
V  [jvm.dll+0x245775]
V  [jvm.dll+0x82e22b]
V  [jvm.dll+0x61bdf6]
V  [jvm.dll+0x61be5a]
V  [jvm.dll+0x61e67a]
V  [jvm.dll+0x61c796]
V  [jvm.dll+0x2431cc]
V  [jvm.dll+0x6cd7ed]
V  [jvm.dll+0x6ce21f]
V  [jvm.dll+0x370333]
V  [jvm.dll+0x36f512]
V  [jvm.dll+0x36f4b8]
V  [jvm.dll+0x55df35]
V  [jvm.dll+0x55ce54]
V  [jvm.dll+0x383307]
V  [jvm.dll+0x38295f]
C  0x000001bfd13ea582

Java frames: (J=compiled Java code, j=interpreted, Vv=VM code)
j  java.lang.Throwable.getOurStackTrace()[Ljava/lang/StackTraceElement;+30 java.base@17.0.4.1
j  java.lang.Throwable.printStackTrace(Ljava/lang/Throwable$PrintStreamOrWriter;)V+32 java.base@17.0.4.1
j  java.lang.Throwable.printStackTrace(Ljava/io/PrintStream;)V+9 java.base@17.0.4.1
j  java.lang.ThreadGroup.uncaughtException(Ljava/lang/Thread;Ljava/lang/Throwable;)V+82 java.base@17.0.4.1
j  java.lang.ThreadGroup.uncaughtException(Ljava/lang/Thread;Ljava/lang/Throwable;)V+13 java.base@17.0.4.1
j  java.lang.Thread.dispatchUncaughtException(Ljava/lang/Throwable;)V+6 java.base@17.0.4.1
v  ~StubRoutines::call_stub

---------------  P R O C E S S  ---------------

Threads class SMR info:
_java_thread_list=0x000001bfe8733950, length=12, elements={
0x000001bfcdcf9120, 0x000001bfe7b688f0, 0x000001bfe7b6b780, 0x000001bfe7bb4750,
0x000001bfe7bb5510, 0x000001bfe84eb020, 0x000001bfe84eb8e0, 0x000001bfe849cca0,
0x000001bfe849d5a0, 0x000001bfe849df90, 0x000001bfe85d10a0, 0x000001bfe874edf0
}

Java Threads: ( => current thread )
=>0x000001bfcdcf9120 JavaThread "main" [_thread_in_vm, id=2720, stack(0x0000001bdde00000,0x0000001bddf00000)]
  0x000001bfe7b688f0 JavaThread "Reference Handler" daemon [_thread_blocked, id=12616, stack(0x0000001bde500000,0x0000001bde600000)]
  0x000001bfe7b6b780 JavaThread "Finalizer" daemon [_thread_blocked, id=14944, stack(0x0000001bde600000,0x0000001bde700000)]
  0x000001bfe7bb4750 JavaThread "Signal Dispatcher" daemon [_thread_blocked, id=18216, stack(0x0000001bde700000,0x0000001bde800000)]
  0x000001bfe7bb5510 JavaThread "Attach Listener" daemon [_thread_blocked, id=11300, stack(0x0000001bde800000,0x0000001bde900000)]
  0x000001bfe84eb020 JavaThread "Service Thread" daemon [_thread_blocked, id=11588, stack(0x0000001bde900000,0x0000001bdea00000)]
  0x000001bfe84eb8e0 JavaThread "Monitor Deflation Thread" daemon [_thread_blocked, id=3108, stack(0x0000001bdea00000,0x0000001bdeb00000)]
  0x000001bfe849cca0 JavaThread "C2 CompilerThread0" daemon [_thread_blocked, id=15012, stack(0x0000001bdeb00000,0x0000001bdec00000)]
  0x000001bfe849d5a0 JavaThread "C1 CompilerThread0" daemon [_thread_blocked, id=18600, stack(0x0000001bdec00000,0x0000001bded00000)]
  0x000001bfe849df90 JavaThread "Sweeper thread" daemon [_thread_blocked, id=20676, stack(0x0000001bded00000,0x0000001bdee00000)]
  0x000001bfe85d10a0 JavaThread "Common-Cleaner" daemon [_thread_blocked, id=23208, stack(0x0000001bdee00000,0x0000001bdef00000)]
  0x000001bfe874edf0 JavaThread "Notification Thread" daemon [_thread_blocked, id=24080, stack(0x0000001bdef00000,0x0000001bdf000000)]

Other Threads:
  0x000001bfe7b86410 VMThread "VM Thread" [stack: 0x0000001bde400000,0x0000001bde500000] [id=24228]
  0x000001bfe7b08520 WatcherThread [stack: 0x0000001bdf000000,0x0000001bdf100000] [id=23588]
  0x000001bfcdd55dd0 GCTaskThread "GC Thread#0" [stack: 0x0000001bddf00000,0x0000001bde000000] [id=19880]
  0x000001bfcdd66650 ConcurrentGCThread "G1 Main Marker" [stack: 0x0000001bde000000,0x0000001bde100000] [id=25916]
  0x000001bfcdd68810 ConcurrentGCThread "G1 Conc#0" [stack: 0x0000001bde100000,0x0000001bde200000] [id=25860]
  0x000001bfcddd0120 ConcurrentGCThread "G1 Refine#0" [stack: 0x0000001bde200000,0x0000001bde300000] [id=14448]
  0x000001bfcddd0b40 ConcurrentGCThread "G1 Service" [stack: 0x0000001bde300000,0x0000001bde400000] [id=15924]

Threads with active compile tasks:

VM state: not at safepoint (normal execution)

VM Mutex/Monitor currently owned by a thread:  ([mutex/lock_event])
[0x000001bfcdcf2940] Metaspace_lock - owner thread: 0x000001bfcdcf9120

Heap address: 0x0000000083600000, size: 1994 MB, Compressed Oops mode: 32-bit

CDS archive(s) not mapped
Compressed class space mapped at: 0x0000000100000000-0x0000000140000000, reserved size: 1073741824
Narrow klass base: 0x0000000000000000, Narrow klass shift: 3, Narrow klass range: 0x140000000

GC Precious Log:
 CPUs: 8 total, 8 available
 Memory: 7973M
 Large Page Support: Disabled
 NUMA Support: Disabled
 Compressed Oops: Enabled (32-bit)
 Heap Region Size: 1M
 Heap Min Capacity: 8M
 Heap Initial Capacity: 126M
 Heap Max Capacity: 1994M
 Pre-touch: Disabled
 Parallel Workers: 8
 Concurrent Workers: 2
 Concurrent Refinement Workers: 8
 Periodic GC: Disabled

Heap:
 garbage-first heap   total 129024K, used 8192K [0x0000000083600000, 0x0000000100000000)
  region size 1024K, 9 young (9216K), 0 survivors (0K)
 Metaspace       used 9055K, committed 9152K, reserved 1064960K
  class space    used 779K, committed 832K, reserved 1048576K

Heap Regions: E=young(eden), S=young(survivor), O=old, HS=humongous(starts), HC=humongous(continues), CS=collection set, F=free, OA=open archive, CA=closed archive, TAMS=top-at-mark-start (previous, next)
|   0|0x0000000083600000, 0x0000000083600000, 0x0000000083700000|  0%| F|  |TAMS 0x0000000083600000, 0x0000000083600000| Untracked 
|   1|0x0000000083700000, 0x0000000083700000, 0x0000000083800000|  0%| F|  |TAMS 0x0000000083700000, 0x0000000083700000| Untracked 
|   2|0x0000000083800000, 0x0000000083800000, 0x0000000083900000|  0%| F|  |TAMS 0x0000000083800000, 0x0000000083800000| Untracked 
|   3|0x0000000083900000, 0x0000000083900000, 0x0000000083a00000|  0%| F|  |TAMS 0x0000000083900000, 0x0000000083900000| Untracked 
|   4|0x0000000083a00000, 0x0000000083a00000, 0x0000000083b00000|  0%| F|  |TAMS 0x0000000083a00000, 0x0000000083a00000| Untracked 
|   5|0x0000000083b00000, 0x0000000083b00000, 0x0000000083c00000|  0%| F|  |TAMS 0x0000000083b00000, 0x0000000083b00000| Untracked 
|   6|0x0000000083c00000, 0x0000000083c00000, 0x0000000083d00000|  0%| F|  |TAMS 0x0000000083c00000, 0x0000000083c00000| Untracked 
|   7|0x0000000083d00000, 0x0000000083d00000, 0x0000000083e00000|  0%| F|  |TAMS 0x0000000083d00000, 0x0000000083d00000| Untracked 
|   8|0x0000000083e00000, 0x0000000083e00000, 0x0000000083f00000|  0%| F|  |TAMS 0x0000000083e00000, 0x0000000083e00000| Untracked 
|   9|0x0000000083f00000, 0x0000000083f00000, 0x0000000084000000|  0%| F|  |TAMS 0x0000000083f00000, 0x0000000083f00000| Untracked 
|  10|0x0000000084000000, 0x0000000084000000, 0x0000000084100000|  0%| F|  |TAMS 0x0000000084000000, 0x0000000084000000| Untracked 
|  11|0x0000000084100000, 0x0000000084100000, 0x0000000084200000|  0%| F|  |TAMS 0x0000000084100000, 0x0000000084100000| Untracked 
|  12|0x0000000084200000, 0x0000000084200000, 0x0000000084300000|  0%| F|  |TAMS 0x0000000084200000, 0x0000000084200000| Untracked 
|  13|0x0000000084300000, 0x0000000084300000, 0x0000000084400000|  0%| F|  |TAMS 0x0000000084300000, 0x0000000084300000| Untracked 
|  14|0x0000000084400000, 0x0000000084400000, 0x0000000084500000|  0%| F|  |TAMS 0x0000000084400000, 0x0000000084400000| Untracked 
|  15|0x0000000084500000, 0x0000000084500000, 0x0000000084600000|  0%| F|  |TAMS 0x0000000084500000, 0x0000000084500000| Untracked 
|  16|0x0000000084600000, 0x0000000084600000, 0x0000000084700000|  0%| F|  |TAMS 0x0000000084600000, 0x0000000084600000| Untracked 
|  17|0x0000000084700000, 0x0000000084700000, 0x0000000084800000|  0%| F|  |TAMS 0x0000000084700000, 0x0000000084700000| Untracked 
|  18|0x0000000084800000, 0x0000000084800000, 0x0000000084900000|  0%| F|  |TAMS 0x0000000084800000, 0x0000000084800000| Untracked 
|  19|0x0000000084900000, 0x0000000084900000, 0x0000000084a00000|  0%| F|  |TAMS 0x0000000084900000, 0x0000000084900000| Untracked 
|  20|0x0000000084a00000, 0x0000000084a00000, 0x0000000084b00000|  0%| F|  |TAMS 0x0000000084a00000, 0x0000000084a00000| Untracked 
|  21|0x0000000084b00000, 0x0000000084b00000, 0x0000000084c00000|  0%| F|  |TAMS 0x0000000084b00000, 0x0000000084b00000| Untracked 
|  22|0x0000000084c00000, 0x0000000084c00000, 0x0000000084d00000|  0%| F|  |TAMS 0x0000000084c00000, 0x0000000084c00000| Untracked 
|  23|0x0000000084d00000, 0x0000000084d00000, 0x0000000084e00000|  0%| F|  |TAMS 0x0000000084d00000, 0x0000000084d00000| Untracked 
|  24|0x0000000084e00000, 0x0000000084e00000, 0x0000000084f00000|  0%| F|  |TAMS 0x0000000084e00000, 0x0000000084e00000| Untracked 
|  25|0x0000000084f00000, 0x0000000084f00000, 0x0000000085000000|  0%| F|  |TAMS 0x0000000084f00000, 0x0000000084f00000| Untracked 
|  26|0x0000000085000000, 0x0000000085000000, 0x0000000085100000|  0%| F|  |TAMS 0x0000000085000000, 0x0000000085000000| Untracked 
|  27|0x0000000085100000, 0x0000000085100000, 0x0000000085200000|  0%| F|  |TAMS 0x0000000085100000, 0x0000000085100000| Untracked 
|  28|0x0000000085200000, 0x0000000085200000, 0x0000000085300000|  0%| F|  |TAMS 0x0000000085200000, 0x0000000085200000| Untracked 
|  29|0x0000000085300000, 0x0000000085300000, 0x0000000085400000|  0%| F|  |TAMS 0x0000000085300000, 0x0000000085300000| Untracked 
|  30|0x0000000085400000, 0x0000000085400000, 0x0000000085500000|  0%| F|  |TAMS 0x0000000085400000, 0x0000000085400000| Untracked 
|  31|0x0000000085500000, 0x0000000085500000, 0x0000000085600000|  0%| F|  |TAMS 0x0000000085500000, 0x0000000085500000| Untracked 
|  32|0x0000000085600000, 0x0000000085600000, 0x0000000085700000|  0%| F|  |TAMS 0x0000000085600000, 0x0000000085600000| Untracked 
|  33|0x0000000085700000, 0x0000000085700000, 0x0000000085800000|  0%| F|  |TAMS 0x0000000085700000, 0x0000000085700000| Untracked 
|  34|0x0000000085800000, 0x0000000085800000, 0x0000000085900000|  0%| F|  |TAMS 0x0000000085800000, 0x0000000085800000| Untracked 
|  35|0x0000000085900000, 0x0000000085900000, 0x0000000085a00000|  0%| F|  |TAMS 0x0000000085900000, 0x0000000085900000| Untracked 
|  36|0x0000000085a00000, 0x0000000085a00000, 0x0000000085b00000|  0%| F|  |TAMS 0x0000000085a00000, 0x0000000085a00000| Untracked 
|  37|0x0000000085b00000, 0x0000000085b00000, 0x0000000085c00000|  0%| F|  |TAMS 0x0000000085b00000, 0x0000000085b00000| Untracked 
|  38|0x0000000085c00000, 0x0000000085c00000, 0x0000000085d00000|  0%| F|  |TAMS 0x0000000085c00000, 0x0000000085c00000| Untracked 
|  39|0x0000000085d00000, 0x0000000085d00000, 0x0000000085e00000|  0%| F|  |TAMS 0x0000000085d00000, 0x0000000085d00000| Untracked 
|  40|0x0000000085e00000, 0x0000000085e00000, 0x0000000085f00000|  0%| F|  |TAMS 0x0000000085e00000, 0x0000000085e00000| Untracked 
|  41|0x0000000085f00000, 0x0000000085f00000, 0x0000000086000000|  0%| F|  |TAMS 0x0000000085f00000, 0x0000000085f00000| Untracked 
|  42|0x0000000086000000, 0x0000000086000000, 0x0000000086100000|  0%| F|  |TAMS 0x0000000086000000, 0x0000000086000000| Untracked 
|  43|0x0000000086100000, 0x0000000086100000, 0x0000000086200000|  0%| F|  |TAMS 0x0000000086100000, 0x0000000086100000| Untracked 
|  44|0x0000000086200000, 0x0000000086200000, 0x0000000086300000|  0%| F|  |TAMS 0x0000000086200000, 0x0000000086200000| Untracked 
|  45|0x0000000086300000, 0x0000000086300000, 0x0000000086400000|  0%| F|  |TAMS 0x0000000086300000, 0x0000000086300000| Untracked 
|  46|0x0000000086400000, 0x0000000086400000, 0x0000000086500000|  0%| F|  |TAMS 0x0000000086400000, 0x0000000086400000| Untracked 
|  47|0x0000000086500000, 0x0000000086500000, 0x0000000086600000|  0%| F|  |TAMS 0x0000000086500000, 0x0000000086500000| Untracked 
|  48|0x0000000086600000, 0x0000000086600000, 0x0000000086700000|  0%| F|  |TAMS 0x0000000086600000, 0x0000000086600000| Untracked 
|  49|0x0000000086700000, 0x0000000086700000, 0x0000000086800000|  0%| F|  |TAMS 0x0000000086700000, 0x0000000086700000| Untracked 
|  50|0x0000000086800000, 0x0000000086800000, 0x0000000086900000|  0%| F|  |TAMS 0x0000000086800000, 0x0000000086800000| Untracked 
|  51|0x0000000086900000, 0x0000000086900000, 0x0000000086a00000|  0%| F|  |TAMS 0x0000000086900000, 0x0000000086900000| Untracked 
|  52|0x0000000086a00000, 0x0000000086a00000, 0x0000000086b00000|  0%| F|  |TAMS 0x0000000086a00000, 0x0000000086a00000| Untracked 
|  53|0x0000000086b00000, 0x0000000086b00000, 0x0000000086c00000|  0%| F|  |TAMS 0x0000000086b00000, 0x0000000086b00000| Untracked 
|  54|0x0000000086c00000, 0x0000000086c00000, 0x0000000086d00000|  0%| F|  |TAMS 0x0000000086c00000, 0x0000000086c00000| Untracked 
|  55|0x0000000086d00000, 0x0000000086d00000, 0x0000000086e00000|  0%| F|  |TAMS 0x0000000086d00000, 0x0000000086d00000| Untracked 
|  56|0x0000000086e00000, 0x0000000086e00000, 0x0000000086f00000|  0%| F|  |TAMS 0x0000000086e00000, 0x0000000086e00000| Untracked 
|  57|0x0000000086f00000, 0x0000000086f00000, 0x0000000087000000|  0%| F|  |TAMS 0x0000000086f00000, 0x0000000086f00000| Untracked 
|  58|0x0000000087000000, 0x0000000087000000, 0x0000000087100000|  0%| F|  |TAMS 0x0000000087000000, 0x0000000087000000| Untracked 
|  59|0x0000000087100000, 0x0000000087100000, 0x0000000087200000|  0%| F|  |TAMS 0x0000000087100000, 0x0000000087100000| Untracked 
|  60|0x0000000087200000, 0x0000000087200000, 0x0000000087300000|  0%| F|  |TAMS 0x0000000087200000, 0x0000000087200000| Untracked 
|  61|0x0000000087300000, 0x0000000087300000, 0x0000000087400000|  0%| F|  |TAMS 0x0000000087300000, 0x0000000087300000| Untracked 
|  62|0x0000000087400000, 0x0000000087400000, 0x0000000087500000|  0%| F|  |TAMS 0x0000000087400000, 0x0000000087400000| Untracked 
|  63|0x0000000087500000, 0x0000000087500000, 0x0000000087600000|  0%| F|  |TAMS 0x0000000087500000, 0x0000000087500000| Untracked 
|  64|0x0000000087600000, 0x0000000087600000, 0x0000000087700000|  0%| F|  |TAMS 0x0000000087600000, 0x0000000087600000| Untracked 
|  65|0x0000000087700000, 0x0000000087700000, 0x0000000087800000|  0%| F|  |TAMS 0x0000000087700000, 0x0000000087700000| Untracked 
|  66|0x0000000087800000, 0x0000000087800000, 0x0000000087900000|  0%| F|  |TAMS 0x0000000087800000, 0x0000000087800000| Untracked 
|  67|0x0000000087900000, 0x0000000087900000, 0x0000000087a00000|  0%| F|  |TAMS 0x0000000087900000, 0x0000000087900000| Untracked 
|  68|0x0000000087a00000, 0x0000000087a00000, 0x0000000087b00000|  0%| F|  |TAMS 0x0000000087a00000, 0x0000000087a00000| Untracked 
|  69|0x0000000087b00000, 0x0000000087b00000, 0x0000000087c00000|  0%| F|  |TAMS 0x0000000087b00000, 0x0000000087b00000| Untracked 
|  70|0x0000000087c00000, 0x0000000087c00000, 0x0000000087d00000|  0%| F|  |TAMS 0x0000000087c00000, 0x0000000087c00000| Untracked 
|  71|0x0000000087d00000, 0x0000000087d00000, 0x0000000087e00000|  0%| F|  |TAMS 0x0000000087d00000, 0x0000000087d00000| Untracked 
|  72|0x0000000087e00000, 0x0000000087e00000, 0x0000000087f00000|  0%| F|  |TAMS 0x0000000087e00000, 0x0000000087e00000| Untracked 
|  73|0x0000000087f00000, 0x0000000087f00000, 0x0000000088000000|  0%| F|  |TAMS 0x0000000087f00000, 0x0000000087f00000| Untracked 
|  74|0x0000000088000000, 0x0000000088000000, 0x0000000088100000|  0%| F|  |TAMS 0x0000000088000000, 0x0000000088000000| Untracked 
|  75|0x0000000088100000, 0x0000000088100000, 0x0000000088200000|  0%| F|  |TAMS 0x0000000088100000, 0x0000000088100000| Untracked 
|  76|0x0000000088200000, 0x0000000088200000, 0x0000000088300000|  0%| F|  |TAMS 0x0000000088200000, 0x0000000088200000| Untracked 
|  77|0x0000000088300000, 0x0000000088300000, 0x0000000088400000|  0%| F|  |TAMS 0x0000000088300000, 0x0000000088300000| Untracked 
|  78|0x0000000088400000, 0x0000000088400000, 0x0000000088500000|  0%| F|  |TAMS 0x0000000088400000, 0x0000000088400000| Untracked 
|  79|0x0000000088500000, 0x0000000088500000, 0x0000000088600000|  0%| F|  |TAMS 0x0000000088500000, 0x0000000088500000| Untracked 
|  80|0x0000000088600000, 0x0000000088600000, 0x0000000088700000|  0%| F|  |TAMS 0x0000000088600000, 0x0000000088600000| Untracked 
|  81|0x0000000088700000, 0x0000000088700000, 0x0000000088800000|  0%| F|  |TAMS 0x0000000088700000, 0x0000000088700000| Untracked 
|  82|0x0000000088800000, 0x0000000088800000, 0x0000000088900000|  0%| F|  |TAMS 0x0000000088800000, 0x0000000088800000| Untracked 
|  83|0x0000000088900000, 0x0000000088900000, 0x0000000088a00000|  0%| F|  |TAMS 0x0000000088900000, 0x0000000088900000| Untracked 
|  84|0x0000000088a00000, 0x0000000088a00000, 0x0000000088b00000|  0%| F|  |TAMS 0x0000000088a00000, 0x0000000088a00000| Untracked 
|  85|0x0000000088b00000, 0x0000000088b00000, 0x0000000088c00000|  0%| F|  |TAMS 0x0000000088b00000, 0x0000000088b00000| Untracked 
|  86|0x0000000088c00000, 0x0000000088c00000, 0x0000000088d00000|  0%| F|  |TAMS 0x0000000088c00000, 0x0000000088c00000| Untracked 
|  87|0x0000000088d00000, 0x0000000088d00000, 0x0000000088e00000|  0%| F|  |TAMS 0x0000000088d00000, 0x0000000088d00000| Untracked 
|  88|0x0000000088e00000, 0x0000000088e00000, 0x0000000088f00000|  0%| F|  |TAMS 0x0000000088e00000, 0x0000000088e00000| Untracked 
|  89|0x0000000088f00000, 0x0000000088f00000, 0x0000000089000000|  0%| F|  |TAMS 0x0000000088f00000, 0x0000000088f00000| Untracked 
|  90|0x0000000089000000, 0x0000000089000000, 0x0000000089100000|  0%| F|  |TAMS 0x0000000089000000, 0x0000000089000000| Untracked 
|  91|0x0000000089100000, 0x0000000089100000, 0x0000000089200000|  0%| F|  |TAMS 0x0000000089100000, 0x0000000089100000| Untracked 
|  92|0x0000000089200000, 0x0000000089200000, 0x0000000089300000|  0%| F|  |TAMS 0x0000000089200000, 0x0000000089200000| Untracked 
|  93|0x0000000089300000, 0x0000000089300000, 0x0000000089400000|  0%| F|  |TAMS 0x0000000089300000, 0x0000000089300000| Untracked 
|  94|0x0000000089400000, 0x0000000089400000, 0x0000000089500000|  0%| F|  |TAMS 0x0000000089400000, 0x0000000089400000| Untracked 
|  95|0x0000000089500000, 0x0000000089500000, 0x0000000089600000|  0%| F|  |TAMS 0x0000000089500000, 0x0000000089500000| Untracked 
|  96|0x0000000089600000, 0x0000000089600000, 0x0000000089700000|  0%| F|  |TAMS 0x0000000089600000, 0x0000000089600000| Untracked 
|  97|0x0000000089700000, 0x0000000089700000, 0x0000000089800000|  0%| F|  |TAMS 0x0000000089700000, 0x0000000089700000| Untracked 
|  98|0x0000000089800000, 0x0000000089800000, 0x0000000089900000|  0%| F|  |TAMS 0x0000000089800000, 0x0000000089800000| Untracked 
|  99|0x0000000089900000, 0x0000000089900000, 0x0000000089a00000|  0%| F|  |TAMS 0x0000000089900000, 0x0000000089900000| Untracked 
| 100|0x0000000089a00000, 0x0000000089a00000, 0x0000000089b00000|  0%| F|  |TAMS 0x0000000089a00000, 0x0000000089a00000| Untracked 
| 101|0x0000000089b00000, 0x0000000089b00000, 0x0000000089c00000|  0%| F|  |TAMS 0x0000000089b00000, 0x0000000089b00000| Untracked 
| 102|0x0000000089c00000, 0x0000000089c00000, 0x0000000089d00000|  0%| F|  |TAMS 0x0000000089c00000, 0x0000000089c00000| Untracked 
| 103|0x0000000089d00000, 0x0000000089d00000, 0x0000000089e00000|  0%| F|  |TAMS 0x0000000089d00000, 0x0000000089d00000| Untracked 
| 104|0x0000000089e00000, 0x0000000089e00000, 0x0000000089f00000|  0%| F|  |TAMS 0x0000000089e00000, 0x0000000089e00000| Untracked 
| 105|0x0000000089f00000, 0x0000000089f00000, 0x000000008a000000|  0%| F|  |TAMS 0x0000000089f00000, 0x0000000089f00000| Untracked 
| 106|0x000000008a000000, 0x000000008a000000, 0x000000008a100000|  0%| F|  |TAMS 0x000000008a000000, 0x000000008a000000| Untracked 
| 107|0x000000008a100000, 0x000000008a100000, 0x000000008a200000|  0%| F|  |TAMS 0x000000008a100000, 0x000000008a100000| Untracked 
| 108|0x000000008a200000, 0x000000008a200000, 0x000000008a300000|  0%| F|  |TAMS 0x000000008a200000, 0x000000008a200000| Untracked 
| 109|0x000000008a300000, 0x000000008a300000, 0x000000008a400000|  0%| F|  |TAMS 0x000000008a300000, 0x000000008a300000| Untracked 
| 110|0x000000008a400000, 0x000000008a400000, 0x000000008a500000|  0%| F|  |TAMS 0x000000008a400000, 0x000000008a400000| Untracked 
| 111|0x000000008a500000, 0x000000008a500000, 0x000000008a600000|  0%| F|  |TAMS 0x000000008a500000, 0x000000008a500000| Untracked 
| 112|0x000000008a600000, 0x000000008a600000, 0x000000008a700000|  0%| F|  |TAMS 0x000000008a600000, 0x000000008a600000| Untracked 
| 113|0x000000008a700000, 0x000000008a700000, 0x000000008a800000|  0%| F|  |TAMS 0x000000008a700000, 0x000000008a700000| Untracked 
| 114|0x000000008a800000, 0x000000008a800000, 0x000000008a900000|  0%| F|  |TAMS 0x000000008a800000, 0x000000008a800000| Untracked 
| 115|0x000000008a900000, 0x000000008a900000, 0x000000008aa00000|  0%| F|  |TAMS 0x000000008a900000, 0x000000008a900000| Untracked 
| 116|0x000000008aa00000, 0x000000008aa00000, 0x000000008ab00000|  0%| F|  |TAMS 0x000000008aa00000, 0x000000008aa00000| Untracked 
| 117|0x000000008ab00000, 0x000000008abec0b8, 0x000000008ac00000| 92%| E|  |TAMS 0x000000008ab00000, 0x000000008ab00000| Complete 
| 118|0x000000008ac00000, 0x000000008ad00000, 0x000000008ad00000|100%| E|CS|TAMS 0x000000008ac00000, 0x000000008ac00000| Complete 
| 119|0x000000008ad00000, 0x000000008ae00000, 0x000000008ae00000|100%| E|CS|TAMS 0x000000008ad00000, 0x000000008ad00000| Complete 
| 120|0x000000008ae00000, 0x000000008af00000, 0x000000008af00000|100%| E|CS|TAMS 0x000000008ae00000, 0x000000008ae00000| Complete 
| 121|0x000000008af00000, 0x000000008b000000, 0x000000008b000000|100%| E|CS|TAMS 0x000000008af00000, 0x000000008af00000| Complete 
| 122|0x000000008b000000, 0x000000008b100000, 0x000000008b100000|100%| E|CS|TAMS 0x000000008b000000, 0x000000008b000000| Complete 
| 123|0x000000008b100000, 0x000000008b200000, 0x000000008b200000|100%| E|CS|TAMS 0x000000008b100000, 0x000000008b100000| Complete 
| 124|0x000000008b200000, 0x000000008b300000, 0x000000008b300000|100%| E|CS|TAMS 0x000000008b200000, 0x000000008b200000| Complete 
| 125|0x000000008b300000, 0x000000008b400000, 0x000000008b400000|100%| E|CS|TAMS 0x000000008b300000, 0x000000008b300000| Complete 

Card table byte_map: [0x000001bfe0af0000,0x000001bfe0ee0000] _byte_map_base: 0x000001bfe06d5000

Marking Bits (Prev, Next): (CMBitMap*) 0x000001bfcdd563e0, (CMBitMap*) 0x000001bfcdd56420
 Prev Bits: [0x000001bfe12d0000, 0x000001bfe31f8000)
 Next Bits: [0x000001bfe3200000, 0x000001bfe5128000)

Polling page: 0x000001bfcbc00000

Metaspace:

Usage:
  Non-class:      8.08 MB used.
      Class:    779.27 KB used.
       Both:      8.84 MB used.

Virtual space:
  Non-class space:       16.00 MB reserved,       8.12 MB ( 51%) committed,  2 nodes.
      Class space:        1.00 GB reserved,     832.00 KB ( <1%) committed,  1 nodes.
             Both:        1.02 GB reserved,       8.94 MB ( <1%) committed. 

Chunk freelists:
   Non-Class:  2.97 MB
       Class:  3.22 MB
        Both:  6.19 MB

MaxMetaspaceSize: unlimited
CompressedClassSpaceSize: 1.00 GB
Initial GC threshold: 21.00 MB
Current GC threshold: 21.00 MB
CDS: off
MetaspaceReclaimPolicy: balanced
 - commit_granule_bytes: 65536.
 - commit_granule_words: 8192.
 - virtual_space_node_default_size: 1048576.
 - enlarge_chunks_in_place: 1.
 - new_chunks_are_fully_committed: 0.
 - uncommit_free_chunks: 1.
 - use_allocation_guard: 0.
 - handle_deallocations: 1.


Internal statistics:

num_allocs_failed_limit: 0.
num_arena_births: 12.
num_arena_deaths: 0.
num_vsnodes_births: 3.
num_vsnodes_deaths: 0.
num_space_committed: 143.
num_space_uncommitted: 0.
num_chunks_returned_to_freelist: 0.
num_chunks_taken_from_freelist: 48.
num_chunk_merges: 0.
num_chunk_splits: 21.
num_chunks_enlarged: 11.
num_purges: 0.
num_inconsistent_stats: 0.

CodeHeap 'non-profiled nmethods': size=120000Kb used=136Kb max_used=136Kb free=119863Kb
 bounds [0x000001bfd8ea0000, 0x000001bfd9110000, 0x000001bfe03d0000]
CodeHeap 'profiled nmethods': size=120000Kb used=725Kb max_used=725Kb free=119274Kb
 bounds [0x000001bfd1970000, 0x000001bfd1be0000, 0x000001bfd8ea0000]
CodeHeap 'non-nmethods': size=5760Kb used=1135Kb max_used=1150Kb free=4624Kb
 bounds [0x000001bfd13d0000, 0x000001bfd1640000, 0x000001bfd1970000]
 total_blobs=909 nmethods=489 adapters=333
 compilation: enabled
              stopped_count=0, restarted_count=0
 full_count=0

Compilation events (20 events):
Event: 1.467 Thread 0x000001bfe849d5a0  480       3       java.io.OutputStreamWriter::flushBuffer (8 bytes)
Event: 1.467 Thread 0x000001bfe849d5a0 nmethod 480 0x000001bfd1a1e290 code [0x000001bfd1a1e440, 0x000001bfd1a1e5a8]
Event: 1.467 Thread 0x000001bfe849d5a0  481       3       java.util.regex.Matcher::groupCount (10 bytes)
Event: 1.467 Thread 0x000001bfe849cca0  483       4       java.lang.String::<init> (15 bytes)
Event: 1.467 Thread 0x000001bfe849d5a0 nmethod 481 0x000001bfd1a1e690 code [0x000001bfd1a1e820, 0x000001bfd1a1e938]
Event: 1.467 Thread 0x000001bfe849d5a0  482   !   3       java.io.PrintStream::write (83 bytes)
Event: 1.468 Thread 0x000001bfe849d5a0 nmethod 482 0x000001bfd1a1ea10 code [0x000001bfd1a1ecc0, 0x000001bfd1a1f8f8]
Event: 1.468 Thread 0x000001bfe849d5a0  486       3       sun.nio.cs.UTF_8$Encoder::encodeArrayLoop (137 bytes)
Event: 1.469 Thread 0x000001bfe849cca0 nmethod 483 0x000001bfd8ec2010 code [0x000001bfd8ec2180, 0x000001bfd8ec22d8]
Event: 1.470 Thread 0x000001bfe849d5a0 nmethod 486 0x000001bfd1a1ff90 code [0x000001bfd1a20300, 0x000001bfd1a21638]
Event: 1.470 Thread 0x000001bfe849d5a0  488       3       java.lang.String::getChars (54 bytes)
Event: 1.470 Thread 0x000001bfe849d5a0 nmethod 488 0x000001bfd1a21e90 code [0x000001bfd1a22080, 0x000001bfd1a224f8]
Event: 1.470 Thread 0x000001bfe849d5a0  484   !   3       java.nio.charset.CharsetEncoder::encode (273 bytes)
Event: 1.472 Thread 0x000001bfe849d5a0 nmethod 484 0x000001bfd1a22710 code [0x000001bfd1a22a20, 0x000001bfd1a23ca8]
Event: 1.472 Thread 0x000001bfe849d5a0  485       3       sun.nio.cs.UTF_8$Encoder::encodeLoop (28 bytes)
Event: 1.473 Thread 0x000001bfe849d5a0 nmethod 485 0x000001bfd1a24290 code [0x000001bfd1a24460, 0x000001bfd1a24878]
Event: 1.473 Thread 0x000001bfe849d5a0  487       3       java.lang.System$2::encodeASCII (11 bytes)
Event: 1.473 Thread 0x000001bfe849d5a0 nmethod 487 0x000001bfd1a24a10 code [0x000001bfd1a24ba0, 0x000001bfd1a24ce8]
Event: 1.473 Thread 0x000001bfe849d5a0  489  s    3       java.io.BufferedOutputStream::flush (12 bytes)
Event: 1.473 Thread 0x000001bfe849d5a0 nmethod 489 0x000001bfd1a24d90 code [0x000001bfd1a24f60, 0x000001bfd1a25358]

GC Heap History (0 events):
No events

Deoptimization events (16 events):
Event: 0.186 Thread 0x000001bfcdcf9120 Uncommon trap: trap_request=0xffffff45 fr.pc=0x000001bfd8ea8384 relative=0x0000000000000084
Event: 0.186 Thread 0x000001bfcdcf9120 Uncommon trap: reason=unstable_if action=reinterpret pc=0x000001bfd8ea8384 method=java.lang.String.charAt(I)C @ 4 c2
Event: 0.186 Thread 0x000001bfcdcf9120 DEOPT PACKING pc=0x000001bfd8ea8384 sp=0x0000001bddefedd0
Event: 0.186 Thread 0x000001bfcdcf9120 DEOPT UNPACKING pc=0x000001bfd14223a3 sp=0x0000001bddefed70 mode 2
Event: 0.313 Thread 0x000001bfcdcf9120 Uncommon trap: trap_request=0xffffff45 fr.pc=0x000001bfd8eb40e4 relative=0x0000000000000524
Event: 0.313 Thread 0x000001bfcdcf9120 Uncommon trap: reason=unstable_if action=reinterpret pc=0x000001bfd8eb40e4 method=java.lang.AbstractStringBuilder.putStringAt(ILjava/lang/String;II)V @ 8 c2
Event: 0.313 Thread 0x000001bfcdcf9120 DEOPT PACKING pc=0x000001bfd8eb40e4 sp=0x0000001bddefedf0
Event: 0.313 Thread 0x000001bfcdcf9120 DEOPT UNPACKING pc=0x000001bfd14223a3 sp=0x0000001bddefece0 mode 2
Event: 0.313 Thread 0x000001bfcdcf9120 Uncommon trap: trap_request=0xffffff45 fr.pc=0x000001bfd8eb4954 relative=0x0000000000000134
Event: 0.313 Thread 0x000001bfcdcf9120 Uncommon trap: reason=unstable_if action=reinterpret pc=0x000001bfd8eb4954 method=java.lang.AbstractStringBuilder.putStringAt(ILjava/lang/String;II)V @ 8 c2
Event: 0.313 Thread 0x000001bfcdcf9120 DEOPT PACKING pc=0x000001bfd8eb4954 sp=0x0000001bddefed90
Event: 0.313 Thread 0x000001bfcdcf9120 DEOPT UNPACKING pc=0x000001bfd14223a3 sp=0x0000001bddefecd8 mode 2
Event: 1.455 Thread 0x000001bfcdcf9120 Uncommon trap: trap_request=0xffffff45 fr.pc=0x000001bfd8eb5268 relative=0x0000000000000528
Event: 1.455 Thread 0x000001bfcdcf9120 Uncommon trap: reason=unstable_if action=reinterpret pc=0x000001bfd8eb5268 method=java.lang.AbstractStringBuilder.putStringAt(ILjava/lang/String;II)V @ 8 c2
Event: 1.455 Thread 0x000001bfcdcf9120 DEOPT PACKING pc=0x000001bfd8eb5268 sp=0x0000001bddefee30
Event: 1.455 Thread 0x000001bfcdcf9120 DEOPT UNPACKING pc=0x000001bfd14223a3 sp=0x0000001bddefecb8 mode 2

Classes unloaded (0 events):
No events

Classes redefined (0 events):
No events

Internal exceptions (2 events):
Event: 0.149 Thread 0x000001bfcdcf9120 Exception <a 'java/lang/NoSuchMethodError'{0x000000008b25fde0}: 'void java.lang.invoke.DirectMethodHandle$Holder.invokeVirtual(java.lang.Object, java.lang.Object)'> (0x000000008b25fde0) 
thrown [s\src\hotspot\share\interpreter\linkResolver.cpp, line 759]
Event: 1669.357 Thread 0x000001bfcdcf9120 Exception <a 'java/io/IOException'{0x000000008ab7d870}> (0x000000008ab7d870) 
thrown [s\src\hotspot\share\prims\jni.cpp, line 516]

VM Operations (10 events):
Event: 0.168 Executing VM operation: HandshakeAllThreads
Event: 0.168 Executing VM operation: HandshakeAllThreads done
Event: 0.189 Executing VM operation: HandshakeAllThreads
Event: 0.189 Executing VM operation: HandshakeAllThreads done
Event: 0.306 Executing VM operation: HandshakeAllThreads
Event: 0.306 Executing VM operation: HandshakeAllThreads done
Event: 1.312 Executing VM operation: Cleanup
Event: 1.312 Executing VM operation: Cleanup done
Event: 2.324 Executing VM operation: Cleanup
Event: 2.325 Executing VM operation: Cleanup done

Events (20 events):
Event: 1.461 loading class java/util/regex/IntHashSet
Event: 1.461 loading class java/util/regex/IntHashSet done
Event: 1.461 loading class java/util/Formatter$FormatSpecifier
Event: 1.462 loading class java/util/Formatter$FormatString
Event: 1.462 loading class java/util/Formatter$FormatString done
Event: 1.462 loading class java/util/Formatter$FormatSpecifier done
Event: 1.462 loading class java/util/Formatter$Flags
Event: 1.463 loading class java/util/Formatter$Flags done
Event: 1.463 loading class java/util/Formattable
Event: 1.463 loading class java/util/Formattable done
Event: 1.463 loading class java/util/Formatter$FixedString
Event: 1.463 loading class java/util/Formatter$FixedString done
Event: 1669.349 loading class java/lang/Throwable$WrappedPrintStream
Event: 1669.349 loading class java/lang/Throwable$PrintStreamOrWriter
Event: 1669.349 loading class java/lang/Throwable$PrintStreamOrWriter done
Event: 1669.349 loading class java/lang/Throwable$WrappedPrintStream done
Event: 1669.357 loading class java/io/IOException
Event: 1669.357 loading class java/io/IOException done
Event: 1669.358 loading class java/io/InterruptedIOException
Event: 1669.358 loading class java/io/InterruptedIOException done


Dynamic libraries:
0x00007ff77b9c0000 - 0x00007ff77b9ce000 	C:\Users\LeeBoHyun\Downloads\eclipse\plugins\org.eclipse.justj.openjdk.hotspot.jre.full.win32.x86_64_17.0.4.v20220903-1038\jre\bin\javaw.exe
0x00007fffa9ad0000 - 0x00007fffa9cc5000 	C:\Windows\SYSTEM32\ntdll.dll
0x00007fffa7d50000 - 0x00007fffa7e0d000 	C:\Windows\System32\KERNEL32.DLL
0x00007fffa7590000 - 0x00007fffa7859000 	C:\Windows\System32\KERNELBASE.dll
0x00007fffa7460000 - 0x00007fffa7560000 	C:\Windows\System32\ucrtbase.dll
0x00007fff8eb40000 - 0x00007fff8eb59000 	C:\Users\LeeBoHyun\Downloads\eclipse\plugins\org.eclipse.justj.openjdk.hotspot.jre.full.win32.x86_64_17.0.4.v20220903-1038\jre\bin\VCRUNTIME140.dll
0x00007fff90660000 - 0x00007fff90678000 	C:\Users\LeeBoHyun\Downloads\eclipse\plugins\org.eclipse.justj.openjdk.hotspot.jre.full.win32.x86_64_17.0.4.v20220903-1038\jre\bin\jli.dll
0x00007fffa7bb0000 - 0x00007fffa7d50000 	C:\Windows\System32\USER32.dll
0x00007fffa7860000 - 0x00007fffa7882000 	C:\Windows\System32\win32u.dll
0x00007fffa99d0000 - 0x00007fffa99fa000 	C:\Windows\System32\GDI32.dll
0x00007fffa79c0000 - 0x00007fffa7acb000 	C:\Windows\System32\gdi32full.dll
0x00007fffa7370000 - 0x00007fffa740d000 	C:\Windows\System32\msvcp_win.dll
0x00007fff882d0000 - 0x00007fff8856a000 	C:\Windows\WinSxS\amd64_microsoft.windows.common-controls_6595b64144ccf1df_6.0.19041.844_none_ca00b6081b84eb1d\COMCTL32.dll
0x00007fffa7e20000 - 0x00007fffa7ebe000 	C:\Windows\System32\msvcrt.dll
0x00007fffa9a60000 - 0x00007fffa9a90000 	C:\Windows\System32\IMM32.DLL
0x00007fff8e6a0000 - 0x00007fff8e6ac000 	C:\Users\LeeBoHyun\Downloads\eclipse\plugins\org.eclipse.justj.openjdk.hotspot.jre.full.win32.x86_64_17.0.4.v20220903-1038\jre\bin\vcruntime140_1.dll
0x00007fff8b600000 - 0x00007fff8b691000 	C:\Users\LeeBoHyun\Downloads\eclipse\plugins\org.eclipse.justj.openjdk.hotspot.jre.full.win32.x86_64_17.0.4.v20220903-1038\jre\bin\msvcp140.dll
0x00007fff310e0000 - 0x00007fff31d26000 	C:\Users\LeeBoHyun\Downloads\eclipse\plugins\org.eclipse.justj.openjdk.hotspot.jre.full.win32.x86_64_17.0.4.v20220903-1038\jre\bin\server\jvm.dll
0x00007fffa96f0000 - 0x00007fffa979c000 	C:\Windows\System32\ADVAPI32.dll
0x00007fffa8450000 - 0x00007fffa84ec000 	C:\Windows\System32\sechost.dll
0x00007fffa8300000 - 0x00007fffa842b000 	C:\Windows\System32\RPCRT4.dll
0x00007fffa7ec0000 - 0x00007fffa7ec8000 	C:\Windows\System32\PSAPI.DLL
0x00007fff95920000 - 0x00007fff9592a000 	C:\Windows\SYSTEM32\VERSION.dll
0x00007fff8a5b0000 - 0x00007fff8a5d7000 	C:\Windows\SYSTEM32\WINMM.dll
0x00007fff7d5b0000 - 0x00007fff7d5b9000 	C:\Windows\SYSTEM32\WSOCK32.dll
0x00007fffa94a0000 - 0x00007fffa950b000 	C:\Windows\System32\WS2_32.dll
0x00007fffa5af0000 - 0x00007fffa5b02000 	C:\Windows\SYSTEM32\kernel.appcore.dll
0x00007fff9c5c0000 - 0x00007fff9c5ca000 	C:\Users\LeeBoHyun\Downloads\eclipse\plugins\org.eclipse.justj.openjdk.hotspot.jre.full.win32.x86_64_17.0.4.v20220903-1038\jre\bin\jimage.dll
0x00007fffa5780000 - 0x00007fffa5964000 	C:\Windows\SYSTEM32\DBGHELP.DLL
0x00007fff807d0000 - 0x00007fff807fc000 	C:\Windows\SYSTEM32\dbgcore.DLL
0x00007fffa7890000 - 0x00007fffa7910000 	C:\Windows\System32\bcryptPrimitives.dll
0x00007fff8d220000 - 0x00007fff8d245000 	C:\Users\LeeBoHyun\Downloads\eclipse\plugins\org.eclipse.justj.openjdk.hotspot.jre.full.win32.x86_64_17.0.4.v20220903-1038\jre\bin\java.dll
0x00007fff8e000000 - 0x00007fff8e018000 	C:\Users\LeeBoHyun\Downloads\eclipse\plugins\org.eclipse.justj.openjdk.hotspot.jre.full.win32.x86_64_17.0.4.v20220903-1038\jre\bin\zip.dll
0x00007fffa84f0000 - 0x00007fffa8c32000 	C:\Windows\System32\SHELL32.dll
0x00007fffa4ed0000 - 0x00007fffa5660000 	C:\Windows\SYSTEM32\windows.storage.dll
0x00007fffa7ed0000 - 0x00007fffa8225000 	C:\Windows\System32\combase.dll
0x00007fffa6c80000 - 0x00007fffa6cac000 	C:\Windows\SYSTEM32\Wldp.dll
0x00007fffa9510000 - 0x00007fffa95be000 	C:\Windows\System32\SHCORE.dll
0x00007fffa9440000 - 0x00007fffa9495000 	C:\Windows\System32\shlwapi.dll
0x00007fffa7150000 - 0x00007fffa716f000 	C:\Windows\SYSTEM32\profapi.dll
0x00007fff8bb90000 - 0x00007fff8bba9000 	C:\Users\LeeBoHyun\Downloads\eclipse\plugins\org.eclipse.justj.openjdk.hotspot.jre.full.win32.x86_64_17.0.4.v20220903-1038\jre\bin\net.dll
0x00007fff9e240000 - 0x00007fff9e34c000 	C:\Windows\SYSTEM32\WINHTTP.dll
0x00007fffa6a00000 - 0x00007fffa6a6a000 	C:\Windows\system32\mswsock.dll
0x00007fff8b950000 - 0x00007fff8b965000 	C:\Users\LeeBoHyun\Downloads\eclipse\plugins\org.eclipse.justj.openjdk.hotspot.jre.full.win32.x86_64_17.0.4.v20220903-1038\jre\bin\nio.dll

dbghelp: loaded successfully - version: 4.0.5 - missing functions: none
symbol engine: initialized successfully - sym options: 0x614 - pdb path: .;C:\Users\LeeBoHyun\Downloads\eclipse\plugins\org.eclipse.justj.openjdk.hotspot.jre.full.win32.x86_64_17.0.4.v20220903-1038\jre\bin;C:\Windows\SYSTEM32;C:\Windows\WinSxS\amd64_microsoft.windows.common-controls_6595b64144ccf1df_6.0.19041.844_none_ca00b6081b84eb1d;C:\Users\LeeBoHyun\Downloads\eclipse\plugins\org.eclipse.justj.openjdk.hotspot.jre.full.win32.x86_64_17.0.4.v20220903-1038\jre\bin\server

VM Arguments:
jvm_args: -Dfile.encoding=UTF-8 --module-path=C:\Users\LeeBoHyun\InsuranceSystem\InsuranceTeamProject\bin -XX:+ShowCodeDetailsInExceptionMessages -Djdk.module.main=InsuranceTeamProject 
java_command: InsuranceTeamProject/UI.Main
java_class_path (initial): <not set>
Launcher Type: SUN_STANDARD

[Global flags]
     intx CICompilerCount                          = 4                                         {product} {ergonomic}
     uint ConcGCThreads                            = 2                                         {product} {ergonomic}
     uint G1ConcRefinementThreads                  = 8                                         {product} {ergonomic}
   size_t G1HeapRegionSize                         = 1048576                                   {product} {ergonomic}
    uintx GCDrainStackTargetSize                   = 64                                        {product} {ergonomic}
   size_t InitialHeapSize                          = 132120576                                 {product} {ergonomic}
   size_t MarkStackSize                            = 4194304                                   {product} {ergonomic}
   size_t MaxHeapSize                              = 2090860544                                {product} {ergonomic}
   size_t MaxNewSize                               = 1254096896                                {product} {ergonomic}
   size_t MinHeapDeltaBytes                        = 1048576                                   {product} {ergonomic}
   size_t MinHeapSize                              = 8388608                                   {product} {ergonomic}
    uintx NonNMethodCodeHeapSize                   = 5839372                                {pd product} {ergonomic}
    uintx NonProfiledCodeHeapSize                  = 122909434                              {pd product} {ergonomic}
    uintx ProfiledCodeHeapSize                     = 122909434                              {pd product} {ergonomic}
    uintx ReservedCodeCacheSize                    = 251658240                              {pd product} {ergonomic}
     bool SegmentedCodeCache                       = true                                      {product} {ergonomic}
     bool ShowCodeDetailsInExceptionMessages       = true                                   {manageable} {command line}
   size_t SoftMaxHeapSize                          = 2090860544                             {manageable} {ergonomic}
     bool UseCompressedClassPointers               = true                           {product lp64_product} {ergonomic}
     bool UseCompressedOops                        = true                           {product lp64_product} {ergonomic}
     bool UseG1GC                                  = true                                      {product} {ergonomic}
     bool UseLargePagesIndividualAllocation        = false                                  {pd product} {ergonomic}

Logging:
Log output configuration:
 #0: stdout all=warning uptime,level,tags
 #1: stderr all=off uptime,level,tags

Environment Variables:
JAVA_HOME=C:\Program Files\Java\jdk-19
PATH=C:/Users/LeeBoHyun/Downloads/eclipse//plugins/org.eclipse.justj.openjdk.hotspot.jre.full.win32.x86_64_17.0.4.v20220903-1038/jre/bin/server;C:/Users/LeeBoHyun/Downloads/eclipse//plugins/org.eclipse.justj.openjdk.hotspot.jre.full.win32.x86_64_17.0.4.v20220903-1038/jre/bin;D:\app\LeeBoHyun\product\12.1.0\dbhome_1\bin;C:\Program Files\Common Files\Oracle\Java\javapath;C:\Windows\system32;C:\Windows;C:\Windows\System32\Wbem;C:\Windows\System32\WindowsPowerShell\v1.0\;C:\Windows\System32\OpenSSH\;C:\Program Files (x86)\Windows Live\Shared;C:\Program Files\Java\jdk-19\bin;C:\Program Files\Git\cmd;C:\Program Files\nodejs;C:\Users\LeeBoHyun\AppData\Local\Microsoft\WindowsApps;C:\Users\LeeBoHyun\AppData\Local\Programs\Microsoft VS Code\bin;C:\Users\LeeBoHyun\AppData\Local\GitHubDesktop\bin;C:\Program Files\nodejs;C:\Users\ÀÌº¸Çö\AppData\Local\Programs\Microsoft VS Code\bin;C:\Users\LeeBoHyun\AppData\Roaming\npm;;C:\Windows\system32;
USERNAME=LeeBoHyun
OS=Windows_NT
PROCESSOR_IDENTIFIER=Intel64 Family 6 Model 142 Stepping 12, GenuineIntel
TMP=C:\Users\LEEBOH~1\AppData\Local\Temp
TEMP=C:\Users\LEEBOH~1\AppData\Local\Temp



---------------  S Y S T E M  ---------------

OS:
 Windows 10 , 64 bit Build 19041 (10.0.19041.804)
OS uptime: 2 days 0:06 hours

CPU: total 8 (initial active 8) (4 cores per cpu, 2 threads per core) family 6 model 142 stepping 12 microcode 0xc6, cx8, cmov, fxsr, ht, mmx, 3dnowpref, sse, sse2, sse3, ssse3, sse4.1, sse4.2, popcnt, lzcnt, tsc, tscinvbit, avx, avx2, aes, erms, clmul, bmi1, bmi2, adx, fma, vzeroupper, clflush, clflushopt

Memory: 4k page, system-wide physical 7973M (1169M free)
TotalPageFile size 32549M (AvailPageFile size 1575M)
current process WorkingSet (physical memory assigned to process): 43M, peak: 46M
current process commit charge ("private bytes"): 206M, peak: 207M

vm_info: OpenJDK 64-Bit Server VM (17.0.4.1+1) for windows-amd64 JRE (17.0.4.1+1), built on Aug 17 2022 07:42:43 by "temurin" with MS VC++ 16.7 (VS2019)

END.
