#
# There is insufficient memory for the Java Runtime Environment to continue.
# Native memory allocation (mmap) failed to map 132120576 bytes for G1 virtual space
# Possible reasons:
#   The system is out of physical RAM or swap space
#   The process is running with CompressedOops enabled, and the Java Heap may be blocking the growth of the native heap
# Possible solutions:
#   Reduce memory load on the system
#   Increase physical memory or swap space
#   Check if swap backing store is full
#   Decrease Java heap size (-Xmx/-Xms)
#   Decrease number of Java threads
#   Decrease Java thread stack sizes (-Xss)
#   Set larger code cache with -XX:ReservedCodeCacheSize=
#   JVM is running with Unscaled Compressed Oops mode in which the Java heap is
#     placed in the first 4GB address space. The Java Heap base address is the
#     maximum limit for the native heap growth. Please use -XX:HeapBaseMinAddress
#     to set the Java Heap base and to place the Java Heap above 4GB virtual address.
# This output file may be truncated or incomplete.
#
#  Out of Memory Error (os_windows.cpp:3541), pid=22984, tid=7244
#
# JRE version:  (17.0.4.1+1) (build )
# Java VM: OpenJDK 64-Bit Server VM (17.0.4.1+1, mixed mode, sharing, tiered, compressed oops, compressed class ptrs, g1 gc, windows-amd64)
# No core dump will be written. Minidumps are not enabled by default on client versions of Windows
#

---------------  S U M M A R Y ------------

Command Line: -Dfile.encoding=UTF-8 --module-path=C:\Users\LeeBoHyun\InsuranceSystem\InsuranceTeamProject\bin -XX:+ShowCodeDetailsInExceptionMessages -Djdk.module.main=InsuranceTeamProject InsuranceTeamProject/UI.Main

Host: Intel(R) Core(TM) i5-10210U CPU @ 1.60GHz, 8 cores, 7G,  Windows 10 , 64 bit Build 19041 (10.0.19041.804)
Time: Mon May 22 08:16:51 2023  Windows 10 , 64 bit Build 19041 (10.0.19041.804) elapsed time: 0.021171 seconds (0d 0h 0m 0s)

---------------  T H R E A D  ---------------

Current thread (0x000001d4327eb120):  JavaThread "Unknown thread" [_thread_in_vm, id=7244, stack(0x0000003d27f00000,0x0000003d28000000)]

Stack: [0x0000003d27f00000,0x0000003d28000000]
Native frames: (J=compiled Java code, j=interpreted, Vv=VM code, C=native code)
V  [jvm.dll+0x67731a]
V  [jvm.dll+0x832284]
V  [jvm.dll+0x833a2e]
V  [jvm.dll+0x834093]
V  [jvm.dll+0x245775]
V  [jvm.dll+0x674209]
V  [jvm.dll+0x668a92]
V  [jvm.dll+0x30471b]
V  [jvm.dll+0x30bc66]
V  [jvm.dll+0x35ba9e]
V  [jvm.dll+0x35bccf]
V  [jvm.dll+0x2db5b8]
V  [jvm.dll+0x2dc524]
V  [jvm.dll+0x803db1]
V  [jvm.dll+0x3698f1]
V  [jvm.dll+0x7e31bc]
V  [jvm.dll+0x3ec25f]
V  [jvm.dll+0x3edde1]
C  [jli.dll+0x5277]
C  [ucrtbase.dll+0x21bb2]
C  [KERNEL32.DLL+0x17034]
C  [ntdll.dll+0x52651]


---------------  P R O C E S S  ---------------

Threads class SMR info:
_java_thread_list=0x00007fff31bf4e98, length=0, elements={
}

Java Threads: ( => current thread )

Other Threads:
  0x000001d432846b00 GCTaskThread "GC Thread#0" [stack: 0x0000003d28000000,0x0000003d28100000] [id=1048]
  0x000001d432857b20 ConcurrentGCThread "G1 Main Marker" [stack: 0x0000003d28100000,0x0000003d28200000] [id=12068]
  0x000001d432859540 ConcurrentGCThread "G1 Conc#0" [stack: 0x0000003d28200000,0x0000003d28300000] [id=23200]

[error occurred during error reporting (printing all threads), id 0xc0000005, EXCEPTION_ACCESS_VIOLATION (0xc0000005) at pc=0x00007fff313cc047]

VM state: not at safepoint (not fully initialized)

VM Mutex/Monitor currently owned by a thread:  ([mutex/lock_event])
[0x000001d4327e63c0] Heap_lock - owner thread: 0x000001d4327eb120

Heap address: 0x0000000083600000, size: 1994 MB, Compressed Oops mode: 32-bit

CDS archive(s) mapped at: [0x0000000000000000-0x0000000000000000-0x0000000000000000), size 0, SharedBaseAddress: 0x0000000800000000, ArchiveRelocationMode: 0.
Narrow klass base: 0x0000000000000000, Narrow klass shift: 0, Narrow klass range: 0x0

GC Precious Log:
<Empty>

Heap:
 garbage-first heap   total 0K, used 0K [0x0000000083600000, 0x0000000100000000)
  region size 1024K, 0 young (0K), 0 survivors (0K)

[error occurred during error reporting (printing heap information), id 0xc0000005, EXCEPTION_ACCESS_VIOLATION (0xc0000005) at pc=0x00007fff317b0699]

GC Heap History (0 events):
No events

Deoptimization events (0 events):
No events

Classes unloaded (0 events):
No events

Classes redefined (0 events):
No events

Internal exceptions (0 events):
No events

VM Operations (0 events):
No events

Events (1 events):
Event: 0.016 Loaded shared library C:\Users\LeeBoHyun\Downloads\eclipse\plugins\org.eclipse.justj.openjdk.hotspot.jre.full.win32.x86_64_17.0.4.v20220903-1038\jre\bin\java.dll


Dynamic libraries:
0x00007ff77b9c0000 - 0x00007ff77b9ce000 	C:\Users\LeeBoHyun\Downloads\eclipse\plugins\org.eclipse.justj.openjdk.hotspot.jre.full.win32.x86_64_17.0.4.v20220903-1038\jre\bin\javaw.exe
0x00007fffa9ad0000 - 0x00007fffa9cc5000 	C:\Windows\SYSTEM32\ntdll.dll
0x00007fffa7d50000 - 0x00007fffa7e0d000 	C:\Windows\System32\KERNEL32.DLL
0x00007fffa7590000 - 0x00007fffa7859000 	C:\Windows\System32\KERNELBASE.dll
0x00007fffa7460000 - 0x00007fffa7560000 	C:\Windows\System32\ucrtbase.dll
0x00007fff8eb40000 - 0x00007fff8eb59000 	C:\Users\LeeBoHyun\Downloads\eclipse\plugins\org.eclipse.justj.openjdk.hotspot.jre.full.win32.x86_64_17.0.4.v20220903-1038\jre\bin\VCRUNTIME140.dll
0x00007fff8b9a0000 - 0x00007fff8b9b8000 	C:\Users\LeeBoHyun\Downloads\eclipse\plugins\org.eclipse.justj.openjdk.hotspot.jre.full.win32.x86_64_17.0.4.v20220903-1038\jre\bin\jli.dll
0x00007fffa7bb0000 - 0x00007fffa7d50000 	C:\Windows\System32\USER32.dll
0x00007fffa7860000 - 0x00007fffa7882000 	C:\Windows\System32\win32u.dll
0x00007fffa99d0000 - 0x00007fffa99fa000 	C:\Windows\System32\GDI32.dll
0x00007fffa79c0000 - 0x00007fffa7acb000 	C:\Windows\System32\gdi32full.dll
0x00007fffa7370000 - 0x00007fffa740d000 	C:\Windows\System32\msvcp_win.dll
0x00007fff882d0000 - 0x00007fff8856a000 	C:\Windows\WinSxS\amd64_microsoft.windows.common-controls_6595b64144ccf1df_6.0.19041.844_none_ca00b6081b84eb1d\COMCTL32.dll
0x00007fffa7e20000 - 0x00007fffa7ebe000 	C:\Windows\System32\msvcrt.dll
0x00007fffa9a60000 - 0x00007fffa9a90000 	C:\Windows\System32\IMM32.DLL
0x00007fff9f7c0000 - 0x00007fff9f7cc000 	C:\Users\LeeBoHyun\Downloads\eclipse\plugins\org.eclipse.justj.openjdk.hotspot.jre.full.win32.x86_64_17.0.4.v20220903-1038\jre\bin\vcruntime140_1.dll
0x00007fff8b600000 - 0x00007fff8b691000 	C:\Users\LeeBoHyun\Downloads\eclipse\plugins\org.eclipse.justj.openjdk.hotspot.jre.full.win32.x86_64_17.0.4.v20220903-1038\jre\bin\msvcp140.dll
0x00007fff310e0000 - 0x00007fff31d26000 	C:\Users\LeeBoHyun\Downloads\eclipse\plugins\org.eclipse.justj.openjdk.hotspot.jre.full.win32.x86_64_17.0.4.v20220903-1038\jre\bin\server\jvm.dll
0x00007fffa96f0000 - 0x00007fffa979c000 	C:\Windows\System32\ADVAPI32.dll
0x00007fffa8450000 - 0x00007fffa84ec000 	C:\Windows\System32\sechost.dll
0x00007fffa8300000 - 0x00007fffa842b000 	C:\Windows\System32\RPCRT4.dll
0x00007fffa7ec0000 - 0x00007fffa7ec8000 	C:\Windows\System32\PSAPI.DLL
0x00007fff95920000 - 0x00007fff9592a000 	C:\Windows\SYSTEM32\VERSION.dll
0x00007fff7d5b0000 - 0x00007fff7d5b9000 	C:\Windows\SYSTEM32\WSOCK32.dll
0x00007fff8a5b0000 - 0x00007fff8a5d7000 	C:\Windows\SYSTEM32\WINMM.dll
0x00007fffa94a0000 - 0x00007fffa950b000 	C:\Windows\System32\WS2_32.dll
0x00007fffa5af0000 - 0x00007fffa5b02000 	C:\Windows\SYSTEM32\kernel.appcore.dll
0x00007fff9c5c0000 - 0x00007fff9c5ca000 	C:\Users\LeeBoHyun\Downloads\eclipse\plugins\org.eclipse.justj.openjdk.hotspot.jre.full.win32.x86_64_17.0.4.v20220903-1038\jre\bin\jimage.dll
0x00007fffa5780000 - 0x00007fffa5964000 	C:\Windows\SYSTEM32\DBGHELP.DLL
0x00007fff807d0000 - 0x00007fff807fc000 	C:\Windows\SYSTEM32\dbgcore.DLL
0x00007fffa7890000 - 0x00007fffa7910000 	C:\Windows\System32\bcryptPrimitives.dll
0x00007fff8d220000 - 0x00007fff8d245000 	C:\Users\LeeBoHyun\Downloads\eclipse\plugins\org.eclipse.justj.openjdk.hotspot.jre.full.win32.x86_64_17.0.4.v20220903-1038\jre\bin\java.dll

dbghelp: loaded successfully - version: 4.0.5 - missing functions: none
symbol engine: initialized successfully - sym options: 0x614 - pdb path: .;C:\Users\LeeBoHyun\Downloads\eclipse\plugins\org.eclipse.justj.openjdk.hotspot.jre.full.win32.x86_64_17.0.4.v20220903-1038\jre\bin;C:\Windows\SYSTEM32;C:\Windows\WinSxS\amd64_microsoft.windows.common-controls_6595b64144ccf1df_6.0.19041.844_none_ca00b6081b84eb1d;C:\Users\LeeBoHyun\Downloads\eclipse\plugins\org.eclipse.justj.openjdk.hotspot.jre.full.win32.x86_64_17.0.4.v20220903-1038\jre\bin\server

VM Arguments:
jvm_args: -Dfile.encoding=UTF-8 --module-path=C:\Users\LeeBoHyun\InsuranceSystem\InsuranceTeamProject\bin -XX:+ShowCodeDetailsInExceptionMessages -Djdk.module.main=InsuranceTeamProject 
java_command: InsuranceTeamProject/UI.Main
java_class_path (initial): <not set>
Launcher Type: SUN_STANDARD

[Global flags]
     intx CICompilerCount                          = 4                                         {product} {ergonomic}
     uint ConcGCThreads                            = 2                                         {product} {ergonomic}
     uint G1ConcRefinementThreads                  = 8                                         {product} {ergonomic}
   size_t G1HeapRegionSize                         = 1048576                                   {product} {ergonomic}
    uintx GCDrainStackTargetSize                   = 64                                        {product} {ergonomic}
   size_t InitialHeapSize                          = 132120576                                 {product} {ergonomic}
   size_t MarkStackSize                            = 4194304                                   {product} {ergonomic}
   size_t MaxHeapSize                              = 2090860544                                {product} {ergonomic}
   size_t MinHeapDeltaBytes                        = 1048576                                   {product} {ergonomic}
   size_t MinHeapSize                              = 8388608                                   {product} {ergonomic}
    uintx NonNMethodCodeHeapSize                   = 5839372                                {pd product} {ergonomic}
    uintx NonProfiledCodeHeapSize                  = 122909434                              {pd product} {ergonomic}
    uintx ProfiledCodeHeapSize                     = 122909434                              {pd product} {ergonomic}
    uintx ReservedCodeCacheSize                    = 251658240                              {pd product} {ergonomic}
     bool SegmentedCodeCache                       = true                                      {product} {ergonomic}
     bool ShowCodeDetailsInExceptionMessages       = true                                   {manageable} {command line}
   size_t SoftMaxHeapSize                          = 2090860544                             {manageable} {ergonomic}
     bool UseCompressedClassPointers               = true                           {product lp64_product} {ergonomic}
     bool UseCompressedOops                        = true                           {product lp64_product} {ergonomic}
     bool UseG1GC                                  = true                                      {product} {ergonomic}
     bool UseLargePagesIndividualAllocation        = false                                  {pd product} {ergonomic}

Logging:
Log output configuration:
 #0: stdout all=warning uptime,level,tags
 #1: stderr all=off uptime,level,tags

Environment Variables:
JAVA_HOME=C:\Program Files\Java\jdk-19
PATH=C:/Users/LeeBoHyun/Downloads/eclipse//plugins/org.eclipse.justj.openjdk.hotspot.jre.full.win32.x86_64_17.0.4.v20220903-1038/jre/bin/server;C:/Users/LeeBoHyun/Downloads/eclipse//plugins/org.eclipse.justj.openjdk.hotspot.jre.full.win32.x86_64_17.0.4.v20220903-1038/jre/bin;D:\app\LeeBoHyun\product\12.1.0\dbhome_1\bin;C:\Program Files\Common Files\Oracle\Java\javapath;C:\Windows\system32;C:\Windows;C:\Windows\System32\Wbem;C:\Windows\System32\WindowsPowerShell\v1.0\;C:\Windows\System32\OpenSSH\;C:\Program Files (x86)\Windows Live\Shared;C:\Program Files\Java\jdk-19\bin;C:\Program Files\Git\cmd;C:\Program Files\nodejs;C:\Users\LeeBoHyun\AppData\Local\Microsoft\WindowsApps;C:\Users\LeeBoHyun\AppData\Local\Programs\Microsoft VS Code\bin;C:\Users\LeeBoHyun\AppData\Local\GitHubDesktop\bin;C:\Program Files\nodejs;C:\Users\ÀÌº¸Çö\AppData\Local\Programs\Microsoft VS Code\bin;C:\Users\LeeBoHyun\AppData\Roaming\npm;;C:\Windows\system32;
USERNAME=LeeBoHyun
OS=Windows_NT
PROCESSOR_IDENTIFIER=Intel64 Family 6 Model 142 Stepping 12, GenuineIntel
TMP=C:\Users\LEEBOH~1\AppData\Local\Temp
TEMP=C:\Users\LEEBOH~1\AppData\Local\Temp



---------------  S Y S T E M  ---------------

OS:
 Windows 10 , 64 bit Build 19041 (10.0.19041.804)
OS uptime: 1 days 18:10 hours

CPU: total 8 (initial active 8) (4 cores per cpu, 2 threads per core) family 6 model 142 stepping 12 microcode 0xc6, cx8, cmov, fxsr, ht, mmx, 3dnowpref, sse, sse2, sse3, ssse3, sse4.1, sse4.2, popcnt, lzcnt, tsc, tscinvbit, avx, avx2, aes, erms, clmul, bmi1, bmi2, adx, fma, vzeroupper, clflush, clflushopt

Memory: 4k page, system-wide physical 7973M (859M free)
TotalPageFile size 32538M (AvailPageFile size 65M)
current process WorkingSet (physical memory assigned to process): 10M, peak: 10M
current process commit charge ("private bytes"): 60M, peak: 186M

vm_info: OpenJDK 64-Bit Server VM (17.0.4.1+1) for windows-amd64 JRE (17.0.4.1+1), built on Aug 17 2022 07:42:43 by "temurin" with MS VC++ 16.7 (VS2019)

END.
